<?xml version="1.0" encoding="UTF-8"?>
<!-- Generated by org.testng.reporters.JUnitReportReporter -->
<testsuite hostname="JJ" failures="0" tests="3" name="testLayerPackage.YourStoreTest" time="12.079" errors="0" timestamp="2022-06-18T14:42:05 EDT" skipped="1">
  <testcase classname="testLayerPackage.YourStoreTest" name="AssignmentTwo" time="6.227"/>
  <system-out/>
  <testcase classname="testLayerPackage.YourStoreTest" name="AssignmentTwo" time="5.852"/>
  <system-out/>
  <testcase classname="testLayerPackage.YourStoreTest" name="test">
    <skipped/>
  </testcase> <!-- test -->
  <system-out/>
</testsuite> <!-- testLayerPackage.YourStoreTest -->
